0 info it worked if it ends with ok
1 verbose cli [ '/home/orlando-c/anaconda3/bin/node',
1 verbose cli   '/home/orlando-c/anaconda3/bin/npm',
1 verbose cli   'start' ]
2 info using npm@3.10.10
3 info using node@v6.11.2
4 verbose run-script [ 'prestart', 'start', 'poststart' ]
5 info lifecycle socketio-kahoot@1.0.0~prestart: socketio-kahoot@1.0.0
6 silly lifecycle socketio-kahoot@1.0.0~prestart: no script for prestart, continuing
7 info lifecycle socketio-kahoot@1.0.0~start: socketio-kahoot@1.0.0
8 verbose lifecycle socketio-kahoot@1.0.0~start: unsafe-perm in lifecycle true
9 verbose lifecycle socketio-kahoot@1.0.0~start: PATH: /home/orlando-c/anaconda3/lib/node_modules/npm/bin/node-gyp-bin:/home/orlando-c/vscode/SassySwiftiesBackend/node_modules/.bin:/home/orlando-c/.vscode-server/bin/b3e4e68a0bc097f0ae7907b217c1119af9e03435/bin/remote-cli:/home/orlando-c/.nix-profile/bin:/home/orlando-c/.local/bin:/home/orlando-c/anaconda3/bin:/home/orlando-c/anaconda3/condabin:/usr/local/sbin:/usr/local/bin:/usr/sbin:/usr/bin:/sbin:/bin:/usr/games:/usr/local/games:/usr/lib/wsl/lib:/mnt/c/WINDOWS/system32:/mnt/c/WINDOWS:/mnt/c/WINDOWS/System32/Wbem:/mnt/c/WINDOWS/System32/WindowsPowerShell/v1.0:/mnt/c/WINDOWS/System32/OpenSSH:/mnt/c/Program Files/Docker/Docker/resources/bin:/mnt/c/Program Files/Git/cmd:/mnt/c/Users/theca/AppData/Local/Microsoft/WindowsApps:/mnt/c/Users/theca/AppData/Local/Programs/Microsoft VS Code/bin:/snap/bin
10 verbose lifecycle socketio-kahoot@1.0.0~start: CWD: /home/orlando-c/vscode/SassySwiftiesBackend
11 silly lifecycle socketio-kahoot@1.0.0~start: Args: [ '-c', 'node server.js' ]
12 silly lifecycle socketio-kahoot@1.0.0~start: Returned: code: 1  signal: null
13 info lifecycle socketio-kahoot@1.0.0~start: Failed to exec start script
14 verbose stack Error: socketio-kahoot@1.0.0 start: `node server.js`
14 verbose stack Exit status 1
14 verbose stack     at EventEmitter.<anonymous> (/home/orlando-c/anaconda3/lib/node_modules/npm/lib/utils/lifecycle.js:255:16)
14 verbose stack     at emitTwo (events.js:106:13)
14 verbose stack     at EventEmitter.emit (events.js:191:7)
14 verbose stack     at ChildProcess.<anonymous> (/home/orlando-c/anaconda3/lib/node_modules/npm/lib/utils/spawn.js:40:14)
14 verbose stack     at emitTwo (events.js:106:13)
14 verbose stack     at ChildProcess.emit (events.js:191:7)
14 verbose stack     at maybeClose (internal/child_process.js:891:16)
14 verbose stack     at Process.ChildProcess._handle.onexit (internal/child_process.js:226:5)
15 verbose pkgid socketio-kahoot@1.0.0
16 verbose cwd /home/orlando-c/vscode/SassySwiftiesBackend
17 error Linux 5.15.90.1-microsoft-standard-WSL2
18 error argv "/home/orlando-c/anaconda3/bin/node" "/home/orlando-c/anaconda3/bin/npm" "start"
19 error node v6.11.2
20 error npm  v3.10.10
21 error code ELIFECYCLE
22 error socketio-kahoot@1.0.0 start: `node server.js`
22 error Exit status 1
23 error Failed at the socketio-kahoot@1.0.0 start script 'node server.js'.
23 error Make sure you have the latest version of node.js and npm installed.
23 error If you do, this is most likely a problem with the socketio-kahoot package,
23 error not with npm itself.
23 error Tell the author that this fails on your system:
23 error     node server.js
23 error You can get information on how to open an issue for this project with:
23 error     npm bugs socketio-kahoot
23 error Or if that isn't available, you can get their info via:
23 error     npm owner ls socketio-kahoot
23 error There is likely additional logging output above.
24 verbose exit [ 1, true ]
